<?xml version="1.0" encoding="UTF-8"?>
<!-- Generated by org.testng.reporters.JUnitXMLReporter -->
<testsuite hostname="MAVBCP203" ignored="5" name="TestNG Assignment - Test 2" tests="9" failures="0" timestamp="2020-07-27T14:00:23 GMT+05:30" time="0.094" errors="0">
  <testcase name="calcExponent" time="0.002" classname="com.assignments.assignment1"/>
  <testcase name="calcExponent" time="0.002" classname="com.assignments.assignment1"/>
  <testcase name="calcExponent" time="0.001" classname="com.assignments.assignment1"/>
  <testcase name="calcInverse" time="0.005" classname="com.assignments.assignment1"/>
  <testcase name="calcInverse" time="0.002" classname="com.assignments.assignment1"/>
  <testcase name="calcInverse" time="0.004" classname="com.assignments.assignment1"/>
  <testcase name="calcModulus" time="0.002" classname="com.assignments.assignment1"/>
  <testcase name="calcModulus" time="0.002" classname="com.assignments.assignment1"/>
  <testcase name="calcModulus" time="0.002" classname="com.assignments.assignment1"/>
  <testcase name="calcDivReal" time="0.0" classname="com.assignments.assignment1">
    <ignored/>
  </testcase> <!-- calcDivReal -->
  <testcase name="calcAddition" time="0.0" classname="com.assignments.assignment1">
    <ignored/>
  </testcase> <!-- calcAddition -->
  <testcase name="calcMultiplication" time="0.0" classname="com.assignments.assignment1">
    <ignored/>
  </testcase> <!-- calcMultiplication -->
  <testcase name="calcSubraction" time="0.0" classname="com.assignments.assignment1">
    <ignored/>
  </testcase> <!-- calcSubraction -->
  <testcase name="calcNegate" time="0.0" classname="com.assignments.assignment1">
    <ignored/>
  </testcase> <!-- calcNegate -->
</testsuite> <!-- TestNG Assignment - Test 2 -->
