<?xml version="1.0" encoding="UTF-8"?>
<!-- Generated by org.testng.reporters.JUnitXMLReporter -->
<testsuite hostname="MAVBCP203" ignored="5" name="TestNG Assignment - Test 1" tests="9" failures="0" timestamp="2020-07-27T14:00:22 GMT+05:30" time="0.075" errors="0">
  <testcase name="calcDivReal" time="0.009" classname="com.assignments.assignment1"/>
  <testcase name="calcDivReal" time="0.002" classname="com.assignments.assignment1"/>
  <testcase name="calcDivReal" time="0.002" classname="com.assignments.assignment1"/>
  <testcase name="calcMultiplication" time="0.002" classname="com.assignments.assignment1"/>
  <testcase name="calcMultiplication" time="0.001" classname="com.assignments.assignment1"/>
  <testcase name="calcMultiplication" time="0.002" classname="com.assignments.assignment1"/>
  <testcase name="calcSubraction" time="0.001" classname="com.assignments.assignment1"/>
  <testcase name="calcSubraction" time="0.001" classname="com.assignments.assignment1"/>
  <testcase name="calcSubraction" time="0.001" classname="com.assignments.assignment1"/>
  <testcase name="calcInverse" time="0.0" classname="com.assignments.assignment1">
    <ignored/>
  </testcase> <!-- calcInverse -->
  <testcase name="calcModulus" time="0.0" classname="com.assignments.assignment1">
    <ignored/>
  </testcase> <!-- calcModulus -->
  <testcase name="calcExponent" time="0.0" classname="com.assignments.assignment1">
    <ignored/>
  </testcase> <!-- calcExponent -->
  <testcase name="calcAddition" time="0.0" classname="com.assignments.assignment1">
    <ignored/>
  </testcase> <!-- calcAddition -->
  <testcase name="calcNegate" time="0.0" classname="com.assignments.assignment1">
    <ignored/>
  </testcase> <!-- calcNegate -->
</testsuite> <!-- TestNG Assignment - Test 1 -->
