<?xml version="1.0" encoding="UTF-8"?>
<testng-results skipped="0" failed="0" ignored="10" total="28" passed="18">
  <reporter-output>
    <line>
      <![CDATA[Actual - 2.0 Expected - 22.0]]>
    </line>
    <line>
      <![CDATA[Actual - 1.0 Expected - 221.0]]>
    </line>
    <line>
      <![CDATA[Actual - 3.0 Expected - 23.0]]>
    </line>
    <line>
      <![CDATA[Actual - 2 Expected - 2]]>
    </line>
    <line>
      <![CDATA[Actual - 6 Expected - 6]]>
    </line>
    <line>
      <![CDATA[Actual - 36 Expected - 36]]>
    </line>
    <line>
      <![CDATA[Actual - -1 Expected - -1]]>
    </line>
    <line>
      <![CDATA[Actual - 1 Expected - 1]]>
    </line>
    <line>
      <![CDATA[Actual - 0 Expected - 0]]>
    </line>
    <line>
      <![CDATA[Actual - 16.0 Expected - 16.0]]>
    </line>
    <line>
      <![CDATA[Actual - 27.0 Expected - 27.0]]>
    </line>
    <line>
      <![CDATA[Actual - 25.0 Expected - 25.0]]>
    </line>
    <line>
      <![CDATA[Actual - 0.25 Expected - 32.0]]>
    </line>
    <line>
      <![CDATA[Actual - 0.3333333333333333 Expected - 33.0]]>
    </line>
    <line>
      <![CDATA[Actual - 0.2 Expected - 32.0]]>
    </line>
    <line>
      <![CDATA[Actual - 0 Expected - 0]]>
    </line>
    <line>
      <![CDATA[Actual - 0 Expected - 0]]>
    </line>
    <line>
      <![CDATA[Actual - 0 Expected - 0]]>
    </line>
  </reporter-output>
  <suite name="Assignment" duration-ms="337" started-at="2020-07-27T14:00:22 GMT+05:30" finished-at="2020-07-27T14:00:23 GMT+05:30">
    <groups>
      <group name="Basic">
        <method signature="assignment1.calcDivReal(int, int, double)[pri:0, instance:com.assignments.assignment1@5b87ed94]" name="calcDivReal" class="com.assignments.assignment1"/>
        <method signature="assignment1.calcMultiplication(int, int, int)[pri:0, instance:com.assignments.assignment1@5b87ed94]" name="calcMultiplication" class="com.assignments.assignment1"/>
        <method signature="assignment1.calcSubraction(int, int, int)[pri:0, instance:com.assignments.assignment1@5b87ed94]" name="calcSubraction" class="com.assignments.assignment1"/>
      </group> <!-- Basic -->
      <group name="Scientific">
        <method signature="assignment1.calcExponent(double, double, double)[pri:0, instance:com.assignments.assignment1@7494e528]" name="calcExponent" class="com.assignments.assignment1"/>
        <method signature="assignment1.calcInverse(int, double)[pri:0, instance:com.assignments.assignment1@7494e528]" name="calcInverse" class="com.assignments.assignment1"/>
        <method signature="assignment1.calcModulus(int, int, int)[pri:0, instance:com.assignments.assignment1@7494e528]" name="calcModulus" class="com.assignments.assignment1"/>
      </group> <!-- Scientific -->
    </groups>
    <test name="TestNG Assignment - Test 1" duration-ms="75" started-at="2020-07-27T14:00:22 GMT+05:30" finished-at="2020-07-27T14:00:22 GMT+05:30">
      <class name="com.assignments.assignment1">
        <test-method status="PASS" signature="calcDivReal(int, int, double)[pri:0, instance:com.assignments.assignment1@5b87ed94]" name="calcDivReal" duration-ms="9" started-at="2020-07-27T14:00:22 GMT+05:30" data-provider="divRealData" finished-at="2020-07-27T14:00:22 GMT+05:30">
          <params>
            <param index="0">
              <value>
                <![CDATA[4]]>
              </value>
            </param>
            <param index="1">
              <value>
                <![CDATA[2]]>
              </value>
            </param>
            <param index="2">
              <value>
                <![CDATA[22.0]]>
              </value>
            </param>
          </params>
          <reporter-output>
            <line>
              <![CDATA[Actual - 2.0 Expected - 22.0]]>
            </line>
          </reporter-output>
        </test-method> <!-- calcDivReal -->
        <test-method status="PASS" signature="calcDivReal(int, int, double)[pri:0, instance:com.assignments.assignment1@5b87ed94]" name="calcDivReal" duration-ms="2" started-at="2020-07-27T14:00:22 GMT+05:30" data-provider="divRealData" finished-at="2020-07-27T14:00:22 GMT+05:30">
          <params>
            <param index="0">
              <value>
                <![CDATA[3]]>
              </value>
            </param>
            <param index="1">
              <value>
                <![CDATA[3]]>
              </value>
            </param>
            <param index="2">
              <value>
                <![CDATA[221.0]]>
              </value>
            </param>
          </params>
          <reporter-output>
            <line>
              <![CDATA[Actual - 1.0 Expected - 221.0]]>
            </line>
          </reporter-output>
        </test-method> <!-- calcDivReal -->
        <test-method status="PASS" signature="calcDivReal(int, int, double)[pri:0, instance:com.assignments.assignment1@5b87ed94]" name="calcDivReal" duration-ms="2" started-at="2020-07-27T14:00:22 GMT+05:30" data-provider="divRealData" finished-at="2020-07-27T14:00:22 GMT+05:30">
          <params>
            <param index="0">
              <value>
                <![CDATA[15]]>
              </value>
            </param>
            <param index="1">
              <value>
                <![CDATA[5]]>
              </value>
            </param>
            <param index="2">
              <value>
                <![CDATA[23.0]]>
              </value>
            </param>
          </params>
          <reporter-output>
            <line>
              <![CDATA[Actual - 3.0 Expected - 23.0]]>
            </line>
          </reporter-output>
        </test-method> <!-- calcDivReal -->
        <test-method status="PASS" signature="calcMultiplication(int, int, int)[pri:0, instance:com.assignments.assignment1@5b87ed94]" name="calcMultiplication" duration-ms="2" started-at="2020-07-27T14:00:22 GMT+05:30" data-provider="multiplyData" finished-at="2020-07-27T14:00:22 GMT+05:30">
          <params>
            <param index="0">
              <value>
                <![CDATA[1]]>
              </value>
            </param>
            <param index="1">
              <value>
                <![CDATA[2]]>
              </value>
            </param>
            <param index="2">
              <value>
                <![CDATA[2]]>
              </value>
            </param>
          </params>
          <reporter-output>
            <line>
              <![CDATA[Actual - 2 Expected - 2]]>
            </line>
          </reporter-output>
        </test-method> <!-- calcMultiplication -->
        <test-method status="PASS" signature="calcMultiplication(int, int, int)[pri:0, instance:com.assignments.assignment1@5b87ed94]" name="calcMultiplication" duration-ms="1" started-at="2020-07-27T14:00:22 GMT+05:30" data-provider="multiplyData" finished-at="2020-07-27T14:00:22 GMT+05:30">
          <params>
            <param index="0">
              <value>
                <![CDATA[3]]>
              </value>
            </param>
            <param index="1">
              <value>
                <![CDATA[2]]>
              </value>
            </param>
            <param index="2">
              <value>
                <![CDATA[6]]>
              </value>
            </param>
          </params>
          <reporter-output>
            <line>
              <![CDATA[Actual - 6 Expected - 6]]>
            </line>
          </reporter-output>
        </test-method> <!-- calcMultiplication -->
        <test-method status="PASS" signature="calcMultiplication(int, int, int)[pri:0, instance:com.assignments.assignment1@5b87ed94]" name="calcMultiplication" duration-ms="2" started-at="2020-07-27T14:00:22 GMT+05:30" data-provider="multiplyData" finished-at="2020-07-27T14:00:22 GMT+05:30">
          <params>
            <param index="0">
              <value>
                <![CDATA[6]]>
              </value>
            </param>
            <param index="1">
              <value>
                <![CDATA[6]]>
              </value>
            </param>
            <param index="2">
              <value>
                <![CDATA[36]]>
              </value>
            </param>
          </params>
          <reporter-output>
            <line>
              <![CDATA[Actual - 36 Expected - 36]]>
            </line>
          </reporter-output>
        </test-method> <!-- calcMultiplication -->
        <test-method status="PASS" signature="calcSubraction(int, int, int)[pri:0, instance:com.assignments.assignment1@5b87ed94]" name="calcSubraction" duration-ms="1" started-at="2020-07-27T14:00:22 GMT+05:30" data-provider="subractionData" finished-at="2020-07-27T14:00:22 GMT+05:30">
          <params>
            <param index="0">
              <value>
                <![CDATA[1]]>
              </value>
            </param>
            <param index="1">
              <value>
                <![CDATA[2]]>
              </value>
            </param>
            <param index="2">
              <value>
                <![CDATA[-1]]>
              </value>
            </param>
          </params>
          <reporter-output>
            <line>
              <![CDATA[Actual - -1 Expected - -1]]>
            </line>
          </reporter-output>
        </test-method> <!-- calcSubraction -->
        <test-method status="PASS" signature="calcSubraction(int, int, int)[pri:0, instance:com.assignments.assignment1@5b87ed94]" name="calcSubraction" duration-ms="1" started-at="2020-07-27T14:00:22 GMT+05:30" data-provider="subractionData" finished-at="2020-07-27T14:00:22 GMT+05:30">
          <params>
            <param index="0">
              <value>
                <![CDATA[3]]>
              </value>
            </param>
            <param index="1">
              <value>
                <![CDATA[2]]>
              </value>
            </param>
            <param index="2">
              <value>
                <![CDATA[1]]>
              </value>
            </param>
          </params>
          <reporter-output>
            <line>
              <![CDATA[Actual - 1 Expected - 1]]>
            </line>
          </reporter-output>
        </test-method> <!-- calcSubraction -->
        <test-method status="PASS" signature="calcSubraction(int, int, int)[pri:0, instance:com.assignments.assignment1@5b87ed94]" name="calcSubraction" duration-ms="1" started-at="2020-07-27T14:00:22 GMT+05:30" data-provider="subractionData" finished-at="2020-07-27T14:00:22 GMT+05:30">
          <params>
            <param index="0">
              <value>
                <![CDATA[6]]>
              </value>
            </param>
            <param index="1">
              <value>
                <![CDATA[6]]>
              </value>
            </param>
            <param index="2">
              <value>
                <![CDATA[0]]>
              </value>
            </param>
          </params>
          <reporter-output>
            <line>
              <![CDATA[Actual - 0 Expected - 0]]>
            </line>
          </reporter-output>
        </test-method> <!-- calcSubraction -->
      </class> <!-- com.assignments.assignment1 -->
    </test> <!-- TestNG Assignment - Test 1 -->
    <test name="TestNG Assignment - Test 2" duration-ms="94" started-at="2020-07-27T14:00:23 GMT+05:30" finished-at="2020-07-27T14:00:23 GMT+05:30">
      <class name="com.assignments.assignment1">
        <test-method status="PASS" signature="calcExponent(double, double, double)[pri:0, instance:com.assignments.assignment1@7494e528]" name="calcExponent" duration-ms="2" started-at="2020-07-27T14:00:23 GMT+05:30" data-provider="exponentData" finished-at="2020-07-27T14:00:23 GMT+05:30">
          <params>
            <param index="0">
              <value>
                <![CDATA[4]]>
              </value>
            </param>
            <param index="1">
              <value>
                <![CDATA[2]]>
              </value>
            </param>
            <param index="2">
              <value>
                <![CDATA[16]]>
              </value>
            </param>
          </params>
          <reporter-output>
            <line>
              <![CDATA[Actual - 16.0 Expected - 16.0]]>
            </line>
          </reporter-output>
        </test-method> <!-- calcExponent -->
        <test-method status="PASS" signature="calcExponent(double, double, double)[pri:0, instance:com.assignments.assignment1@7494e528]" name="calcExponent" duration-ms="2" started-at="2020-07-27T14:00:23 GMT+05:30" data-provider="exponentData" finished-at="2020-07-27T14:00:23 GMT+05:30">
          <params>
            <param index="0">
              <value>
                <![CDATA[3]]>
              </value>
            </param>
            <param index="1">
              <value>
                <![CDATA[3]]>
              </value>
            </param>
            <param index="2">
              <value>
                <![CDATA[27]]>
              </value>
            </param>
          </params>
          <reporter-output>
            <line>
              <![CDATA[Actual - 27.0 Expected - 27.0]]>
            </line>
          </reporter-output>
        </test-method> <!-- calcExponent -->
        <test-method status="PASS" signature="calcExponent(double, double, double)[pri:0, instance:com.assignments.assignment1@7494e528]" name="calcExponent" duration-ms="1" started-at="2020-07-27T14:00:23 GMT+05:30" data-provider="exponentData" finished-at="2020-07-27T14:00:23 GMT+05:30">
          <params>
            <param index="0">
              <value>
                <![CDATA[5]]>
              </value>
            </param>
            <param index="1">
              <value>
                <![CDATA[2]]>
              </value>
            </param>
            <param index="2">
              <value>
                <![CDATA[25]]>
              </value>
            </param>
          </params>
          <reporter-output>
            <line>
              <![CDATA[Actual - 25.0 Expected - 25.0]]>
            </line>
          </reporter-output>
        </test-method> <!-- calcExponent -->
        <test-method status="PASS" signature="calcInverse(int, double)[pri:0, instance:com.assignments.assignment1@7494e528]" name="calcInverse" duration-ms="5" started-at="2020-07-27T14:00:23 GMT+05:30" data-provider="inverseData" finished-at="2020-07-27T14:00:23 GMT+05:30">
          <params>
            <param index="0">
              <value>
                <![CDATA[4]]>
              </value>
            </param>
            <param index="1">
              <value>
                <![CDATA[32]]>
              </value>
            </param>
          </params>
          <reporter-output>
            <line>
              <![CDATA[Actual - 0.25 Expected - 32.0]]>
            </line>
          </reporter-output>
        </test-method> <!-- calcInverse -->
        <test-method status="PASS" signature="calcInverse(int, double)[pri:0, instance:com.assignments.assignment1@7494e528]" name="calcInverse" duration-ms="2" started-at="2020-07-27T14:00:23 GMT+05:30" data-provider="inverseData" finished-at="2020-07-27T14:00:23 GMT+05:30">
          <params>
            <param index="0">
              <value>
                <![CDATA[3]]>
              </value>
            </param>
            <param index="1">
              <value>
                <![CDATA[33]]>
              </value>
            </param>
          </params>
          <reporter-output>
            <line>
              <![CDATA[Actual - 0.3333333333333333 Expected - 33.0]]>
            </line>
          </reporter-output>
        </test-method> <!-- calcInverse -->
        <test-method status="PASS" signature="calcInverse(int, double)[pri:0, instance:com.assignments.assignment1@7494e528]" name="calcInverse" duration-ms="4" started-at="2020-07-27T14:00:23 GMT+05:30" data-provider="inverseData" finished-at="2020-07-27T14:00:23 GMT+05:30">
          <params>
            <param index="0">
              <value>
                <![CDATA[5]]>
              </value>
            </param>
            <param index="1">
              <value>
                <![CDATA[32]]>
              </value>
            </param>
          </params>
          <reporter-output>
            <line>
              <![CDATA[Actual - 0.2 Expected - 32.0]]>
            </line>
          </reporter-output>
        </test-method> <!-- calcInverse -->
        <test-method status="PASS" signature="calcModulus(int, int, int)[pri:0, instance:com.assignments.assignment1@7494e528]" name="calcModulus" duration-ms="2" started-at="2020-07-27T14:00:23 GMT+05:30" data-provider="modulusData" finished-at="2020-07-27T14:00:23 GMT+05:30">
          <params>
            <param index="0">
              <value>
                <![CDATA[4]]>
              </value>
            </param>
            <param index="1">
              <value>
                <![CDATA[2]]>
              </value>
            </param>
            <param index="2">
              <value>
                <![CDATA[0]]>
              </value>
            </param>
          </params>
          <reporter-output>
            <line>
              <![CDATA[Actual - 0 Expected - 0]]>
            </line>
          </reporter-output>
        </test-method> <!-- calcModulus -->
        <test-method status="PASS" signature="calcModulus(int, int, int)[pri:0, instance:com.assignments.assignment1@7494e528]" name="calcModulus" duration-ms="2" started-at="2020-07-27T14:00:23 GMT+05:30" data-provider="modulusData" finished-at="2020-07-27T14:00:23 GMT+05:30">
          <params>
            <param index="0">
              <value>
                <![CDATA[3]]>
              </value>
            </param>
            <param index="1">
              <value>
                <![CDATA[3]]>
              </value>
            </param>
            <param index="2">
              <value>
                <![CDATA[0]]>
              </value>
            </param>
          </params>
          <reporter-output>
            <line>
              <![CDATA[Actual - 0 Expected - 0]]>
            </line>
          </reporter-output>
        </test-method> <!-- calcModulus -->
        <test-method status="PASS" signature="calcModulus(int, int, int)[pri:0, instance:com.assignments.assignment1@7494e528]" name="calcModulus" duration-ms="2" started-at="2020-07-27T14:00:23 GMT+05:30" data-provider="modulusData" finished-at="2020-07-27T14:00:23 GMT+05:30">
          <params>
            <param index="0">
              <value>
                <![CDATA[10]]>
              </value>
            </param>
            <param index="1">
              <value>
                <![CDATA[2]]>
              </value>
            </param>
            <param index="2">
              <value>
                <![CDATA[0]]>
              </value>
            </param>
          </params>
          <reporter-output>
            <line>
              <![CDATA[Actual - 0 Expected - 0]]>
            </line>
          </reporter-output>
        </test-method> <!-- calcModulus -->
      </class> <!-- com.assignments.assignment1 -->
    </test> <!-- TestNG Assignment - Test 2 -->
  </suite> <!-- Assignment -->
</testng-results>
